0 info it worked if it ends with ok
1 verbose cli [ '/nix/store/a5ibcbcsm473kdr75kj4gpsr28ndnknp-nodejs-0.10.26/bin/node',
1 verbose cli   '/mnt/shared/sbin/npm',
1 verbose cli   'install',
1 verbose cli   'npm',
1 verbose cli   '-g' ]
2 info using npm@1.4.3
3 info using node@v0.10.28
4 verbose cache add [ 'npm', null ]
5 verbose cache add name=undefined spec="npm" args=["npm",null]
6 verbose parsed url { protocol: null,
6 verbose parsed url   slashes: null,
6 verbose parsed url   auth: null,
6 verbose parsed url   host: null,
6 verbose parsed url   port: null,
6 verbose parsed url   hostname: null,
6 verbose parsed url   hash: null,
6 verbose parsed url   search: null,
6 verbose parsed url   query: null,
6 verbose parsed url   pathname: 'npm',
6 verbose parsed url   path: 'npm',
6 verbose parsed url   href: 'npm' }
7 silly lockFile 660051d1-npm npm
8 verbose lock npm /home/ubuntu/.npm/660051d1-npm.lock
9 silly lockFile 660051d1-npm npm
10 silly lockFile 660051d1-npm npm
11 verbose addNamed [ 'npm', '' ]
12 verbose addNamed [ null, '*' ]
13 silly lockFile 2f990b75-npm npm@
14 verbose lock npm@ /home/ubuntu/.npm/2f990b75-npm.lock
15 silly addNameRange { name: 'npm', range: '*', hasData: false }
16 verbose url raw npm
17 verbose url resolving [ 'https://registry.npmjs.org/', './npm' ]
18 verbose url resolved https://registry.npmjs.org/npm
19 info trying registry request attempt 1 at 19:27:42
20 http GET https://registry.npmjs.org/npm
21 http 200 https://registry.npmjs.org/npm
22 silly registry.get cb [ 200,
22 silly registry.get   { server: 'CouchDB/1.5.0 (Erlang OTP/R16B03)',
22 silly registry.get     etag: '"9LUASD910L4PPVCGY7TBB85CT"',
22 silly registry.get     'content-type': 'application/json',
22 silly registry.get     'cache-control': 'max-age=300',
22 silly registry.get     'content-length': '4216197',
22 silly registry.get     'accept-ranges': 'bytes',
22 silly registry.get     date: 'Sun, 07 Feb 2016 19:27:42 GMT',
22 silly registry.get     via: '1.1 varnish',
22 silly registry.get     age: '86',
22 silly registry.get     connection: 'keep-alive',
22 silly registry.get     'x-served-by': 'cache-iad2134-IAD',
22 silly registry.get     'x-cache': 'HIT',
22 silly registry.get     'x-cache-hits': '2',
22 silly registry.get     'x-timer': 'S1454873262.160238,VS0,VE0',
22 silly registry.get     vary: 'Accept' } ]
23 silly addNameRange number 2 { name: 'npm', range: '*', hasData: true }
24 silly addNameRange versions [ 'npm',
24 silly addNameRange   [ '1.1.25',
24 silly addNameRange     '1.2.32',
24 silly addNameRange     '1.3.2',
24 silly addNameRange     '1.3.4',
24 silly addNameRange     '1.2.20',
24 silly addNameRange     '1.2.21',
24 silly addNameRange     '1.2.22',
24 silly addNameRange     '1.2.23',
24 silly addNameRange     '1.2.24',
24 silly addNameRange     '1.2.25',
24 silly addNameRange     '1.2.27',
24 silly addNameRange     '1.2.28',
24 silly addNameRange     '1.2.30',
24 silly addNameRange     '1.2.31',
24 silly addNameRange     '1.3.0',
24 silly addNameRange     '1.3.1',
24 silly addNameRange     '1.2.19',
24 silly addNameRange     '1.1.70',
24 silly addNameRange     '1.1.71',
24 silly addNameRange     '1.3.5',
24 silly addNameRange     '1.3.6',
24 silly addNameRange     '1.3.7',
24 silly addNameRange     '1.3.8',
24 silly addNameRange     '1.3.9',
24 silly addNameRange     '1.3.10',
24 silly addNameRange     '1.3.11',
24 silly addNameRange     '1.3.12',
24 silly addNameRange     '1.3.13',
24 silly addNameRange     '1.3.14',
24 silly addNameRange     '1.3.15',
24 silly addNameRange     '1.3.16',
24 silly addNameRange     '1.3.17',
24 silly addNameRange     '1.3.18',
24 silly addNameRange     '1.3.20',
24 silly addNameRange     '1.3.21',
24 silly addNameRange     '1.3.22',
24 silly addNameRange     '1.3.23',
24 silly addNameRange     '1.3.24',
24 silly addNameRange     '1.3.25',
24 silly addNameRange     '1.3.26',
24 silly addNameRange     '1.4.0',
24 silly addNameRange     '1.4.1',
24 silly addNameRange     '1.4.2',
24 silly addNameRange     '1.4.3',
24 silly addNameRange     '1.4.4',
24 silly addNameRange     '1.4.5',
24 silly addNameRange     '1.4.6',
24 silly addNameRange     '1.4.7',
24 silly addNameRange     '1.4.8',
24 silly addNameRange     '1.4.9',
24 silly addNameRange     '1.4.10',
24 silly addNameRange     '1.4.11',
24 silly addNameRange     '1.4.12',
24 silly addNameRange     '1.4.13',
24 silly addNameRange     '1.4.14',
24 silly addNameRange     '1.4.15',
24 silly addNameRange     '1.4.16',
24 silly addNameRange     '1.2.8000',
24 silly addNameRange     '1.4.17',
24 silly addNameRange     '1.4.18',
24 silly addNameRange     '1.4.19',
24 silly addNameRange     '1.5.0-alpha-0',
24 silly addNameRange     '1.5.0-alpha-1',
24 silly addNameRange     '1.4.20',
24 silly addNameRange     '1.5.0-alpha-2',
24 silly addNameRange     '1.4.21',
24 silly addNameRange     '1.5.0-alpha-3',
24 silly addNameRange     '1.5.0-alpha-4',
24 silly addNameRange     '2.0.0-alpha-5',
24 silly addNameRange     '1.4.22',
24 silly addNameRange     '1.4.23',
24 silly addNameRange     '2.0.0-alpha.6.0',
24 silly addNameRange     '1.4.24',
24 silly addNameRange     '2.0.0-alpha.6',
24 silly addNameRange     '2.0.0-alpha.7',
24 silly addNameRange     '2.0.0-beta.0',
24 silly addNameRange     '1.4.25',
24 silly addNameRange     '2.0.0-beta.1',
24 silly addNameRange     '1.4.26',
24 silly addNameRange     '2.0.0-beta.2',
24 silly addNameRange     '1.4.27',
24 silly addNameRange     '2.0.0-beta.3',
24 silly addNameRange     '1.4.28',
24 silly addNameRange     '2.0.0',
24 silly addNameRange     '2.0.1',
24 silly addNameRange     '2.0.2',
24 silly addNameRange     '2.1.0',
24 silly addNameRange     '2.1.1',
24 silly addNameRange     '2.1.2',
24 silly addNameRange     '2.1.3',
24 silly addNameRange     '2.1.4',
24 silly addNameRange     '2.1.5',
24 silly addNameRange     '2.1.6',
24 silly addNameRange     '2.1.7',
24 silly addNameRange     '2.1.8',
24 silly addNameRange     '2.1.9',
24 silly addNameRange     '2.1.10',
24 silly addNameRange     '2.1.11',
24 silly addNameRange     '2.1.12',
24 silly addNameRange     '2.1.13',
24 silly addNameRange     '2.1.14',
24 silly addNameRange     '2.1.15',
24 silly addNameRange     '2.1.16',
24 silly addNameRange     '2.1.17',
24 silly addNameRange     '2.1.18',
24 silly addNameRange     '2.2.0',
24 silly addNameRange     '2.3.0',
24 silly addNameRange     '2.4.0',
24 silly addNameRange     '2.4.1',
24 silly addNameRange     '2.5.0',
24 silly addNameRange     '2.5.1',
24 silly addNameRange     '2.6.0',
24 silly addNameRange     '2.6.1',
24 silly addNameRange     '2.7.0',
24 silly addNameRange     '2.7.1',
24 silly addNameRange     '2.7.2',
24 silly addNameRange     '2.7.3',
24 silly addNameRange     '2.7.4',
24 silly addNameRange     '2.7.5',
24 silly addNameRange     '2.7.6',
24 silly addNameRange     '2.8.0',
24 silly addNameRange     '2.8.1',
24 silly addNameRange     '2.8.2',
24 silly addNameRange     '2.8.3',
24 silly addNameRange     '2.8.4',
24 silly addNameRange     '2.9.0',
24 silly addNameRange     '2.9.1',
24 silly addNameRange     '2.10.0',
24 silly addNameRange     '2.10.1',
24 silly addNameRange     '2.11.0',
24 silly addNameRange     '2.11.1',
24 silly addNameRange     '2.11.2',
24 silly addNameRange     '2.11.3',
24 silly addNameRange     '2.12.0',
24 silly addNameRange     '3.0.0',
24 silly addNameRange     '2.12.1',
24 silly addNameRange     '2.13.0',
24 silly addNameRange     '3.1.0',
24 silly addNameRange     '2.13.1',
24 silly addNameRange     '3.1.1',
24 silly addNameRange     '3.1.2',
24 silly addNameRange     '2.13.2',
24 silly addNameRange     '3.1.3',
24 silly addNameRange     '2.13.3',
24 silly addNameRange     '3.2.0',
24 silly addNameRange     '2.13.4',
24 silly addNameRange     '3.2.1',
24 silly addNameRange     '2.13.5',
24 silly addNameRange     '3.2.2',
24 silly addNameRange     '2.14.0',
24 silly addNameRange     '3.3.0',
24 silly addNameRange     '2.14.1',
24 silly addNameRange     '2.14.2',
24 silly addNameRange     '3.3.1',
24 silly addNameRange     '2.14.3',
24 silly addNameRange     '3.3.2',
24 silly addNameRange     '2.14.4',
24 silly addNameRange     '3.3.3',
24 silly addNameRange     '2.14.5',
24 silly addNameRange     '3.3.4',
24 silly addNameRange     '2.14.6',
24 silly addNameRange     '3.3.5',
24 silly addNameRange     '3.3.6',
24 silly addNameRange     '2.14.7',
24 silly addNameRange     '2.14.8',
24 silly addNameRange     '3.3.7',
24 silly addNameRange     '3.3.8',
24 silly addNameRange     '3.3.9',
24 silly addNameRange     '3.3.10',
24 silly addNameRange     '2.14.9',
24 silly addNameRange     '3.3.11',
24 silly addNameRange     '1.4.29',
24 silly addNameRange     '3.3.12',
24 silly addNameRange     '2.14.10',
24 silly addNameRange     '3.4.0',
24 silly addNameRange     '3.4.1',
24 silly addNameRange     '2.14.11',
24 silly addNameRange     '2.14.12',
24 silly addNameRange     '3.5.0',
24 silly addNameRange     '3.5.1',
24 silly addNameRange     '2.14.13',
24 silly addNameRange     '2.14.14',
24 silly addNameRange     '3.5.2',
24 silly addNameRange     '2.14.15',
24 silly addNameRange     '3.5.3',
24 silly addNameRange     '3.5.4',
24 silly addNameRange     '3.6.0',
24 silly addNameRange     '2.14.16',
24 silly addNameRange     '2.14.17',
24 silly addNameRange     '3.7.0',
24 silly addNameRange     '3.7.1',
24 silly addNameRange     '3.7.2',
24 silly addNameRange     '2.14.18' ] ]
25 verbose addNamed [ 'npm', '3.7.1' ]
26 verbose addNamed [ '3.7.1', '3.7.1' ]
27 silly lockFile 92eba2f9-npm-3-7-1 npm@3.7.1
28 verbose lock npm@3.7.1 /home/ubuntu/.npm/92eba2f9-npm-3-7-1.lock
29 silly lockFile 92eba2f9-npm-3-7-1 npm@3.7.1
30 silly lockFile 92eba2f9-npm-3-7-1 npm@3.7.1
31 silly lockFile 2f990b75-npm npm@
32 silly lockFile 2f990b75-npm npm@
33 silly resolved [ { version: '3.7.1',
33 silly resolved     name: 'npm',
33 silly resolved     description: 'a package manager for JavaScript',
33 silly resolved     keywords: [ 'install', 'modules', 'package manager', 'package.json' ],
33 silly resolved     preferGlobal: true,
33 silly resolved     config: { publishtest: false },
33 silly resolved     homepage: 'https://docs.npmjs.com/',
33 silly resolved     author:
33 silly resolved      { name: 'Isaac Z. Schlueter',
33 silly resolved        email: 'i@izs.me',
33 silly resolved        url: 'http://blog.izs.me' },
33 silly resolved     repository: { type: 'git', url: 'git+https://github.com/npm/npm.git' },
33 silly resolved     bugs: { url: 'http://github.com/npm/npm/issues' },
33 silly resolved     directories: { bin: './bin', doc: './doc', lib: './lib', man: './man' },
33 silly resolved     main: './lib/npm.js',
33 silly resolved     bin: { npm: './bin/npm-cli.js' },
33 silly resolved     dependencies:
33 silly resolved      { abbrev: '~1.0.7',
33 silly resolved        ansicolors: '~0.3.2',
33 silly resolved        ansistyles: '~0.1.3',
33 silly resolved        aproba: '~1.0.1',
33 silly resolved        archy: '~1.0.0',
33 silly resolved        'async-some': '~1.0.2',
33 silly resolved        chownr: '~1.0.1',
33 silly resolved        'cmd-shim': '~2.0.1',
33 silly resolved        columnify: '~1.5.4',
33 silly resolved        'config-chain': '~1.1.10',
33 silly resolved        dezalgo: '~1.0.3',
33 silly resolved        editor: '~1.0.0',
33 silly resolved        'fs-vacuum': '~1.2.7',
33 silly resolved        'fs-write-stream-atomic': '~1.0.8',
33 silly resolved        fstream: '~1.0.8',
33 silly resolved        'fstream-npm': '~1.0.7',
33 silly resolved        glob: '~6.0.4',
33 silly resolved        'graceful-fs': '~4.1.2',
33 silly resolved        'has-unicode': '~2.0.0',
33 silly resolved        'hosted-git-info': '~2.1.4',
33 silly resolved        iferr: '~0.1.5',
33 silly resolved        inflight: '~1.0.4',
33 silly resolved        inherits: '~2.0.1',
33 silly resolved        ini: '~1.3.4',
33 silly resolved        'init-package-json': '~1.9.3',
33 silly resolved        lockfile: '~1.0.1',
33 silly resolved        'lodash.clonedeep': '~4.0.2',
33 silly resolved        'lodash.isarguments': '~3.0.5',
33 silly resolved        'lodash.isarray': '~4.0.0',
33 silly resolved        'lodash.keys': '~4.0.0',
33 silly resolved        'lodash.union': '~4.0.1',
33 silly resolved        'lodash.uniq': '~4.0.1',
33 silly resolved        'lodash.without': '~4.0.1',
33 silly resolved        mkdirp: '~0.5.1',
33 silly resolved        'node-gyp': '~3.2.1',
33 silly resolved        nopt: '~3.0.6',
33 silly resolved        'normalize-git-url': '~3.0.1',
33 silly resolved        'normalize-package-data': '~2.3.5',
33 silly resolved        'npm-cache-filename': '~1.0.2',
33 silly resolved        'npm-install-checks': '~3.0.0',
33 silly resolved        'npm-package-arg': '~4.1.0',
33 silly resolved        'npm-registry-client': '~7.0.9',
33 silly resolved        'npm-user-validate': '~0.1.2',
33 silly resolved        npmlog: '~2.0.2',
33 silly resolved        once: '~1.3.3',
33 silly resolved        opener: '~1.4.1',
33 silly resolved        osenv: '~0.1.3',
33 silly resolved        'path-is-inside': '~1.0.1',
33 silly resolved        read: '~1.0.7',
33 silly resolved        'read-cmd-shim': '~1.0.1',
33 silly resolved        'read-installed': '~4.0.3',
33 silly resolved        'read-package-json': '~2.0.3',
33 silly resolved        'read-package-tree': '~5.1.2',
33 silly resolved        'readable-stream': '~2.0.5',
33 silly resolved        'realize-package-specifier': '~3.0.1',
33 silly resolved        request: '~2.69.0',
33 silly resolved        retry: '~0.9.0',
33 silly resolved        rimraf: '~2.5.1',
33 silly resolved        semver: '~5.1.0',
33 silly resolved        sha: '~2.0.1',
33 silly resolved        slide: '~1.1.6',
33 silly resolved        'sorted-object': '~1.0.0',
33 silly resolved        tar: '~2.2.1',
33 silly resolved        'text-table': '~0.2.0',
33 silly resolved        'uid-number': '0.0.6',
33 silly resolved        umask: '~1.1.0',
33 silly resolved        'unique-filename': '~1.1.0',
33 silly resolved        unpipe: '~1.0.0',
33 silly resolved        'validate-npm-package-name': '~2.2.2',
33 silly resolved        which: '~1.2.4',
33 silly resolved        wrappy: '~1.0.1',
33 silly resolved        'write-file-atomic': '~1.1.4',
33 silly resolved        'ansi-regex': '*',
33 silly resolved        debuglog: '*',
33 silly resolved        imurmurhash: '*',
33 silly resolved        'lodash._baseindexof': '*',
33 silly resolved        'lodash._baseuniq': '*',
33 silly resolved        'lodash._bindcallback': '*',
33 silly resolved        'lodash._cacheindexof': '*',
33 silly resolved        'lodash._createcache': '*',
33 silly resolved        'lodash._getnative': '*',
33 silly resolved        'lodash.restparam': '*',
33 silly resolved        'readdir-scoped-modules': '*',
33 silly resolved        'strip-ansi': '*',
33 silly resolved        'validate-npm-package-license': '*' },
33 silly resolved     bundleDependencies:
33 silly resolved      [ 'abbrev',
33 silly resolved        'ansi-regex',
33 silly resolved        'ansicolors',
33 silly resolved        'ansistyles',
33 silly resolved        'aproba',
33 silly resolved        'archy',
33 silly resolved        'async-some',
33 silly resolved        'chownr',
33 silly resolved        'cmd-shim',
33 silly resolved        'columnify',
33 silly resolved        'config-chain',
33 silly resolved        'debuglog',
33 silly resolved        'dezalgo',
33 silly resolved        'editor',
33 silly resolved        'fs-vacuum',
33 silly resolved        'fs-write-stream-atomic',
33 silly resolved        'fstream',
33 silly resolved        'fstream-npm',
33 silly resolved        'glob',
33 silly resolved        'graceful-fs',
33 silly resolved        'has-unicode',
33 silly resolved        'hosted-git-info',
33 silly resolved        'iferr',
33 silly resolved        'imurmurhash',
33 silly resolved        'inflight',
33 silly resolved        'inherits',
33 silly resolved        'ini',
33 silly resolved        'init-package-json',
33 silly resolved        'lockfile',
33 silly resolved        'lodash._baseindexof',
33 silly resolved        'lodash._baseuniq',
33 silly resolved        'lodash._bindcallback',
33 silly resolved        'lodash._cacheindexof',
33 silly resolved        'lodash._createcache',
33 silly resolved        'lodash._getnative',
33 silly resolved        'lodash.clonedeep',
33 silly resolved        'lodash.isarguments',
33 silly resolved        'lodash.isarray',
33 silly resolved        'lodash.keys',
33 silly resolved        'lodash.restparam',
33 silly resolved        'lodash.union',
33 silly resolved        'lodash.uniq',
33 silly resolved        'lodash.without',
33 silly resolved        'mkdirp',
33 silly resolved        'node-gyp',
33 silly resolved        'nopt',
33 silly resolved        'normalize-git-url',
33 silly resolved        'normalize-package-data',
33 silly resolved        'npm-cache-filename',
33 silly resolved        'npm-install-checks',
33 silly resolved        'npm-package-arg',
33 silly resolved        'npm-registry-client',
33 silly resolved        'npm-user-validate',
33 silly resolved        'npmlog',
33 silly resolved        'once',
33 silly resolved        'opener',
33 silly resolved        'osenv',
33 silly resolved        'path-is-inside',
33 silly resolved        'read',
33 silly resolved        'read-cmd-shim',
33 silly resolved        'read-installed',
33 silly resolved        'read-package-json',
33 silly resolved        'read-package-tree',
33 silly resolved        'readable-stream',
33 silly resolved        'readdir-scoped-modules',
33 silly resolved        'realize-package-specifier',
33 silly resolved        'request',
33 silly resolved        'retry',
33 silly resolved        'rimraf',
33 silly resolved        'semver',
33 silly resolved        'sha',
33 silly resolved        'slide',
33 silly resolved        'sorted-object',
33 silly resolved        'strip-ansi',
33 silly resolved        'tar',
33 silly resolved        'text-table',
33 silly resolved        'uid-number',
33 silly resolved        'umask',
33 silly resolved        'unique-filename',
33 silly resolved        'unpipe',
33 silly resolved        'validate-npm-package-license',
33 silly resolved        'validate-npm-package-name',
33 silly resolved        'which',
33 silly resolved        'wrappy',
33 silly resolved        'write-file-atomic' ],
33 silly resolved     devDependencies:
33 silly resolved      { 'deep-equal': '~1.0.1',
33 silly resolved        marked: '~0.3.5',
33 silly resolved        'marked-man': '~0.1.5',
33 silly resolved        'npm-registry-couchapp': '~2.6.12',
33 silly resolved        'npm-registry-mock': '~1.0.1',
33 silly resolved        'require-inject': '~1.3.0',
33 silly resolved        'sprintf-js': '~1.0.3',
33 silly resolved        standard: '~5.4.1',
33 silly resolved        tap: '~5.2.0' },
33 silly resolved     scripts:
33 silly resolved      { dumpconf: 'env | grep npm | sort | uniq',
33 silly resolved        prepublish: 'node bin/npm-cli.js prune --prefix=. --no-global && rimraf test/*/*/node_modules && make -j4 doc',
33 silly resolved        preversion: 'bash scripts/update-authors.sh && git add AUTHORS && git commit -m "update AUTHORS" || true',
33 silly resolved        tap: 'tap --timeout 240',
33 silly resolved        test: 'standard && npm run test-tap',
33 silly resolved        'test-all': 'standard && npm run test-legacy && npm run test-tap',
33 silly resolved        'test-legacy': 'node ./test/run.js',
33 silly resolved        'test-tap': 'npm run tap -- "test/tap/*.js"',
33 silly resolved        'test-node': '"$NODE" ./test/run.js && "$NODE" "node_modules/.bin/tap" --timeout 240 "test/tap/*.js"' },
33 silly resolved     license: 'Artistic-2.0',
33 silly resolved     contributors:
33 silly resolved      [ [Object],
33 silly resolved        [Object],
33 silly resolved        [Object],
33 silly resolved        [Object],
33 silly resolved        [Object],
33 silly resolved        [Object],
33 silly resolved        [Object],
33 silly resolved        [Object],
33 silly resolved        [Object],
33 silly resolved        [Object],
33 silly resolved        [Object],
33 silly resolved        [Object],
33 silly resolved        [Object],
33 silly resolved        [Object],
33 silly resolved        [Object],
33 silly resolved        [Object],
33 silly resolved        [Object],
33 silly resolved        [Object],
33 silly resolved        [Object],
33 silly resolved        [Object],
33 silly resolved        [Object],
33 silly resolved        [Object],
33 silly resolved        [Object],
33 silly resolved        [Object],
33 silly resolved        [Object],
33 silly resolved        [Object],
33 silly resolved        [Object],
33 silly resolved        [Object],
33 silly resolved        [Object],
33 silly resolved        [Object],
33 silly resolved        [Object],
33 silly resolved        [Object],
33 silly resolved        [Object],
33 silly resolved        [Object],
33 silly resolved        [Object],
33 silly resolved        [Object],
33 silly resolved        [Object],
33 silly resolved        [Object],
33 silly resolved        [Object],
33 silly resolved        [Object],
33 silly resolved        [Object],
33 silly resolved        [Object],
33 silly resolved        [Object],
33 silly resolved        [Object],
33 silly resolved        [Object],
33 silly resolved        [Object],
33 silly resolved        [Object],
33 silly resolved        [Object],
33 silly resolved        [Object],
33 silly resolved        [Object],
33 silly resolved        [Object],
33 silly resolved        [Object],
33 silly resolved        [Object],
33 silly resolved        [Object],
33 silly resolved        [Object],
33 silly resolved        [Object],
33 silly resolved        [Object],
33 silly resolved        [Object],
33 silly resolved        [Object],
33 silly resolved        [Object],
33 silly resolved        [Object],
33 silly resolved        [Object],
33 silly resolved        [Object],
33 silly resolved        [Object],
33 silly resolved        [Object],
33 silly resolved        [Object],
33 silly resolved        [Object],
33 silly resolved        [Object],
33 silly resolved        [Object],
33 silly resolved        [Object],
33 silly resolved        [Object],
33 silly resolved        [Object],
33 silly resolved        [Object],
33 silly resolved        [Object],
33 silly resolved        [Object],
33 silly resolved        [Object],
33 silly resolved        [Object],
33 silly resolved        [Object],
33 silly resolved        [Object],
33 silly resolved        [Object],
33 silly resolved        [Object],
33 silly resolved        [Object],
33 silly resolved        [Object],
33 silly resolved        [Object],
33 silly resolved        [Object],
33 silly resolved        [Object],
33 silly resolved        [Object],
33 silly resolved        [Object],
33 silly resolved        [Object],
33 silly resolved        [Object],
33 silly resolved        [Object],
33 silly resolved        [Object],
33 silly resolved        [Object],
33 silly resolved        [Object],
33 silly resolved        [Object],
33 silly resolved        [Object],
33 silly resolved        [Object],
33 silly resolved        [Object],
33 silly resolved        [Object],
33 silly resolved        [Object],
33 silly resolved        [Object],
33 silly resolved        [Object],
33 silly resolved        [Object],
33 silly resolved        [Object],
33 silly resolved        [Object],
33 silly resolved        [Object],
33 silly resolved        [Object],
33 silly resolved        [Object],
33 silly resolved        [Object],
33 silly resolved        [Object],
33 silly resolved        [Object],
33 silly resolved        [Object],
33 silly resolved        [Object],
33 silly resolved        [Object],
33 silly resolved        [Object],
33 silly resolved        [Object],
33 silly resolved        [Object],
33 silly resolved        [Object],
33 silly resolved        [Object],
33 silly resolved        [Object],
33 silly resolved        [Object],
33 silly resolved        [Object],
33 silly resolved        [Object],
33 silly resolved        [Object],
33 silly resolved        [Object],
33 silly resolved        [Object],
33 silly resolved        [Object],
33 silly resolved        [Object],
33 silly resolved        [Object],
33 silly resolved        [Object],
33 silly resolved        [Object],
33 silly resolved        [Object],
33 silly resolved        [Object],
33 silly resolved        [Object],
33 silly resolved        [Object],
33 silly resolved        [Object],
33 silly resolved        [Object],
33 silly resolved        [Object],
33 silly resolved        [Object],
33 silly resolved        [Object],
33 silly resolved        [Object],
33 silly resolved        [Object],
33 silly resolved        [Object],
33 silly resolved        [Object],
33 silly resolved        [Object],
33 silly resolved        [Object],
33 silly resolved        [Object],
33 silly resolved        [Object],
33 silly resolved        [Object],
33 silly resolved        [Object],
33 silly resolved        [Object],
33 silly resolved        [Object],
33 silly resolved        [Object],
33 silly resolved        [Object],
33 silly resolved        [Object],
33 silly resolved        [Object],
33 silly resolved        [Object],
33 silly resolved        [Object],
33 silly resolved        [Object],
33 silly resolved        [Object],
33 silly resolved        [Object],
33 silly resolved        [Object],
33 silly resolved        [Object],
33 silly resolved        [Object],
33 silly resolved        [Object],
33 silly resolved        [Object],
33 silly resolved        [Object],
33 silly resolved        [Object],
33 silly resolved        [Object],
33 silly resolved        [Object],
33 silly resolved        [Object],
33 silly resolved        [Object],
33 silly resolved        [Object],
33 silly resolved        [Object],
33 silly resolved        [Object],
33 silly resolved        [Object],
33 silly resolved        [Object],
33 silly resolved        [Object],
33 silly resolved        [Object],
33 silly resolved        [Object],
33 silly resolved        [Object],
33 silly resolved        [Object],
33 silly resolved        [Object],
33 silly resolved        [Object],
33 silly resolved        [Object],
33 silly resolved        [Object],
33 silly resolved        [Object],
33 silly resolved        [Object],
33 silly resolved        [Object],
33 silly resolved        [Object],
33 silly resolved        [Object],
33 silly resolved        [Object],
33 silly resolved        [Object],
33 silly resolved        [Object],
33 silly resolved        [Object],
33 silly resolved        [Object],
33 silly resolved        [Object],
33 silly resolved        [Object],
33 silly resolved        [Object],
33 silly resolved        [Object],
33 silly resolved        [Object],
33 silly resolved        [Object],
33 silly resolved        [Object],
33 silly resolved        [Object],
33 silly resolved        [Object],
33 silly resolved        [Object],
33 silly resolved        [Object],
33 silly resolved        [Object],
33 silly resolved        [Object],
33 silly resolved        [Object],
33 silly resolved        [Object],
33 silly resolved        [Object],
33 silly resolved        [Object],
33 silly resolved        [Object],
33 silly resolved        [Object],
33 silly resolved        [Object],
33 silly resolved        [Object],
33 silly resolved        [Object],
33 silly resolved        [Object],
33 silly resolved        [Object],
33 silly resolved        [Object],
33 silly resolved        [Object],
33 silly resolved        [Object],
33 silly resolved        [Object],
33 silly resolved        [Object],
33 silly resolved        [Object],
33 silly resolved        [Object],
33 silly resolved        [Object],
33 silly resolved        [Object],
33 silly resolved        [Object],
33 silly resolved        [Object],
33 silly resolved        [Object],
33 silly resolved        [Object],
33 silly resolved        [Object],
33 silly resolved        [Object],
33 silly resolved        [Object],
33 silly resolved        [Object],
33 silly resolved        [Object],
33 silly resolved        [Object],
33 silly resolved        [Object],
33 silly resolved        [Object],
33 silly resolved        [Object],
33 silly resolved        [Object],
33 silly resolved        [Object],
33 silly resolved        [Object],
33 silly resolved        [Object],
33 silly resolved        [Object],
33 silly resolved        [Object],
33 silly resolved        [Object],
33 silly resolved        [Object],
33 silly resolved        [Object],
33 silly resolved        [Object],
33 silly resolved        [Object],
33 silly resolved        [Object],
33 silly resolved        [Object],
33 silly resolved        [Object],
33 silly resolved        [Object],
33 silly resolved        [Object],
33 silly resolved        [Object],
33 silly resolved        [Object],
33 silly resolved        [Object],
33 silly resolved        [Object],
33 silly resolved        [Object],
33 silly resolved        [Object],
33 silly resolved        [Object],
33 silly resolved        [Object],
33 silly resolved        [Object],
33 silly resolved        [Object],
33 silly resolved        [Object],
33 silly resolved        [Object],
33 silly resolved        [Object],
33 silly resolved        [Object],
33 silly resolved        [Object],
33 silly resolved        [Object],
33 silly resolved        [Object],
33 silly resolved        [Object],
33 silly resolved        [Object],
33 silly resolved        [Object],
33 silly resolved        [Object],
33 silly resolved        [Object],
33 silly resolved        [Object],
33 silly resolved        [Object],
33 silly resolved        [Object],
33 silly resolved        [Object],
33 silly resolved        [Object],
33 silly resolved        [Object],
33 silly resolved        [Object],
33 silly resolved        [Object],
33 silly resolved        [Object],
33 silly resolved        [Object],
33 silly resolved        [Object],
33 silly resolved        [Object],
33 silly resolved        [Object],
33 silly resolved        [Object],
33 silly resolved        [Object],
33 silly resolved        [Object],
33 silly resolved        [Object],
33 silly resolved        [Object],
33 silly resolved        [Object],
33 silly resolved        [Object],
33 silly resolved        [Object],
33 silly resolved        [Object],
33 silly resolved        [Object],
33 silly resolved        [Object],
33 silly resolved        [Object],
33 silly resolved        [Object],
33 silly resolved        [Object],
33 silly resolved        [Object],
33 silly resolved        [Object],
33 silly resolved        [Object],
33 silly resolved        [Object],
33 silly resolved        [Object],
33 silly resolved        [Object],
33 silly resolved        [Object],
33 silly resolved        [Object],
33 silly resolved        [Object],
33 silly resolved        [Object],
33 silly resolved        [Object],
33 silly resolved        [Object],
33 silly resolved        [Object],
33 silly resolved        [Object],
33 silly resolved        [Object],
33 silly resolved        [Object],
33 silly resolved        [Object],
33 silly resolved        [Object],
33 silly resolved        [Object],
33 silly resolved        [Object],
33 silly resolved        [Object],
33 silly resolved        [Object],
33 silly resolved        [Object],
33 silly resolved        [Object],
33 silly resolved        [Object],
33 silly resolved        [Object],
33 silly resolved        [Object],
33 silly resolved        [Object],
33 silly resolved        [Object],
33 silly resolved        [Object],
33 silly resolved        [Object],
33 silly resolved        [Object],
33 silly resolved        [Object],
33 silly resolved        [Object],
33 silly resolved        [Object],
33 silly resolved        [Object],
33 silly resolved        [Object],
33 silly resolved        [Object],
33 silly resolved        [Object],
33 silly resolved        [Object],
33 silly resolved        [Object],
33 silly resolved        [Object],
33 silly resolved        [Object],
33 silly resolved        [Object],
33 silly resolved        [Object],
33 silly resolved        [Object],
33 silly resolved        [Object],
33 silly resolved        [Object],
33 silly resolved        [Object],
33 silly resolved        [Object],
33 silly resolved        [Object],
33 silly resolved        [Object],
33 silly resolved        [Object] ],
33 silly resolved     man:
33 silly resolved      [ '/Users/rebecca/code/release/npm-3/man/man1/npm-access.1',
33 silly resolved        '/Users/rebecca/code/release/npm-3/man/man1/npm-adduser.1',
33 silly resolved        '/Users/rebecca/code/release/npm-3/man/man1/npm-bin.1',
33 silly resolved        '/Users/rebecca/code/release/npm-3/man/man1/npm-bugs.1',
33 silly resolved        '/Users/rebecca/code/release/npm-3/man/man1/npm-build.1',
33 silly resolved        '/Users/rebecca/code/release/npm-3/man/man1/npm-bundle.1',
33 silly resolved        '/Users/rebecca/code/release/npm-3/man/man1/npm-cache.1',
33 silly resolved        '/Users/rebecca/code/release/npm-3/man/man1/npm-completion.1',
33 silly resolved        '/Users/rebecca/code/release/npm-3/man/man1/npm-config.1',
33 silly resolved        '/Users/rebecca/code/release/npm-3/man/man1/npm-dedupe.1',
33 silly resolved        '/Users/rebecca/code/release/npm-3/man/man1/npm-deprecate.1',
33 silly resolved        '/Users/rebecca/code/release/npm-3/man/man1/npm-dist-tag.1',
33 silly resolved        '/Users/rebecca/code/release/npm-3/man/man1/npm-docs.1',
33 silly resolved        '/Users/rebecca/code/release/npm-3/man/man1/npm-edit.1',
33 silly resolved        '/Users/rebecca/code/release/npm-3/man/man1/npm-explore.1',
33 silly resolved        '/Users/rebecca/code/release/npm-3/man/man1/npm-help-search.1',
33 silly resolved        '/Users/rebecca/code/release/npm-3/man/man1/npm-help.1',
33 silly resolved        '/Users/rebecca/code/release/npm-3/man/man1/npm-init.1',
33 silly resolved        '/Users/rebecca/code/release/npm-3/man/man1/npm-install-test.1',
33 silly resolved        '/Users/rebecca/code/release/npm-3/man/man1/npm-install.1',
33 silly resolved        '/Users/rebecca/code/release/npm-3/man/man1/npm-link.1',
33 silly resolved        '/Users/rebecca/code/release/npm-3/man/man1/npm-logout.1',
33 silly resolved        '/Users/rebecca/code/release/npm-3/man/man1/npm-ls.1',
33 silly resolved        '/Users/rebecca/code/release/npm-3/man/man1/npm-outdated.1',
33 silly resolved        '/Users/rebecca/code/release/npm-3/man/man1/npm-owner.1',
33 silly resolved        '/Users/rebecca/code/release/npm-3/man/man1/npm-pack.1',
33 silly resolved        '/Users/rebecca/code/release/npm-3/man/man1/npm-ping.1',
33 silly resolved        '/Users/rebecca/code/release/npm-3/man/man1/npm-prefix.1',
33 silly resolved        '/Users/rebecca/code/release/npm-3/man/man1/npm-prune.1',
33 silly resolved        '/Users/rebecca/code/release/npm-3/man/man1/npm-publish.1',
33 silly resolved        '/Users/rebecca/code/release/npm-3/man/man1/npm-README.1',
33 silly resolved        '/Users/rebecca/code/release/npm-3/man/man1/npm-rebuild.1',
33 silly resolved        '/Users/rebecca/code/release/npm-3/man/man1/npm-repo.1',
33 silly resolved        '/Users/rebecca/code/release/npm-3/man/man1/npm-restart.1',
33 silly resolved        '/Users/rebecca/code/release/npm-3/man/man1/npm-root.1',
33 silly resolved        '/Users/rebecca/code/release/npm-3/man/man1/npm-run-script.1',
33 silly resolved        '/Users/rebecca/code/release/npm-3/man/man1/npm-search.1',
33 silly resolved        '/Users/rebecca/code/release/npm-3/man/man1/npm-shrinkwrap.1',
33 silly resolved        '/Users/rebecca/code/release/npm-3/man/man1/npm-star.1',
33 silly resolved        '/Users/rebecca/code/release/npm-3/man/man1/npm-stars.1',
33 silly resolved        '/Users/rebecca/code/release/npm-3/man/man1/npm-start.1',
33 silly resolved        '/Users/rebecca/code/release/npm-3/man/man1/npm-stop.1',
33 silly resolved        '/Users/rebecca/code/release/npm-3/man/man1/npm-tag.1',
33 silly resolved        '/Users/rebecca/code/release/npm-3/man/man1/npm-team.1',
33 silly resolved        '/Users/rebecca/code/release/npm-3/man/man1/npm-test.1',
33 silly resolved        '/Users/rebecca/code/release/npm-3/man/man1/npm-uninstall.1',
33 silly resolved        '/Users/rebecca/code/release/npm-3/man/man1/npm-unpublish.1',
33 silly resolved        '/Users/rebecca/code/release/npm-3/man/man1/npm-update.1',
33 silly resolved        '/Users/rebecca/code/release/npm-3/man/man1/npm-version.1',
33 silly resolved        '/Users/rebecca/code/release/npm-3/man/man1/npm-view.1',
33 silly resolved        '/Users/rebecca/code/release/npm-3/man/man1/npm-whoami.1',
33 silly resolved        '/Users/rebecca/code/release/npm-3/man/man1/npm.1',
33 silly resolved        '/Users/rebecca/code/release/npm-3/man/man5/npm-folders.5',
33 silly resolved        '/Users/rebecca/code/release/npm-3/man/man5/npm-global.5',
33 silly resolved        '/Users/rebecca/code/release/npm-3/man/man5/npm-json.5',
33 silly resolved        '/Users/rebecca/code/release/npm-3/man/man5/npmrc.5',
33 silly resolved        '/Users/rebecca/code/release/npm-3/man/man5/package.json.5',
33 silly resolved        '/Users/rebecca/code/release/npm-3/man/man7/npm-coding-style.7',
33 silly resolved        '/Users/rebecca/code/release/npm-3/man/man7/npm-config.7',
33 silly resolved        '/Users/rebecca/code/release/npm-3/man/man7/npm-developers.7',
33 silly resolved        '/Users/rebecca/code/release/npm-3/man/man7/npm-disputes.7',
33 silly resolved        '/Users/rebecca/code/release/npm-3/man/man7/npm-index.7',
33 silly resolved        '/Users/rebecca/code/release/npm-3/man/man7/npm-orgs.7',
33 silly resolved        '/Users/rebecca/code/release/npm-3/man/man7/npm-registry.7',
33 silly resolved        '/Users/rebecca/code/release/npm-3/man/man7/npm-scope.7',
33 silly resolved        '/Users/rebecca/code/release/npm-3/man/man7/npm-scripts.7',
33 silly resolved        '/Users/rebecca/code/release/npm-3/man/man7/removing-npm.7',
33 silly resolved        '/Users/rebecca/code/release/npm-3/man/man7/semver.7' ],
33 silly resolved     gitHead: 'e6083e25aa8a69322c1804e677a64581b74f459e',
33 silly resolved     _id: 'npm@3.7.1',
33 silly resolved     _shasum: 'e997d2562522c05d11bf052bdbe024d4afdac798',
33 silly resolved     _from: 'npm@',
33 silly resolved     _npmVersion: '3.7.1',
33 silly resolved     _nodeVersion: '4.2.2',
33 silly resolved     _npmUser: { name: 'iarna', email: 'me@re-becca.org' },
33 silly resolved     dist:
33 silly resolved      { shasum: 'e997d2562522c05d11bf052bdbe024d4afdac798',
33 silly resolved        tarball: 'http://registry.npmjs.org/npm/-/npm-3.7.1.tgz' },
33 silly resolved     maintainers: [ [Object], [Object], [Object], [Object] ],
33 silly resolved     _npmOperationalInternal:
33 silly resolved      { host: 'packages-9-west.internal.npmjs.com',
33 silly resolved        tmp: 'tmp/npm-3.7.1.tgz_1454369630749_0.7366104109678417' },
33 silly resolved     _resolved: 'https://registry.npmjs.org/npm/-/npm-3.7.1.tgz',
33 silly resolved     readme: 'ERROR: No README data found!' } ]
34 info install npm@3.7.1 into /nix/store/a5ibcbcsm473kdr75kj4gpsr28ndnknp-nodejs-0.10.26/lib
35 info installOne npm@3.7.1
36 info /nix/store/a5ibcbcsm473kdr75kj4gpsr28ndnknp-nodejs-0.10.26/lib/node_modules/npm unbuild
37 info preuninstall npm@1.4.3
38 info uninstall npm@1.4.3
39 verbose true,/nix/store/a5ibcbcsm473kdr75kj4gpsr28ndnknp-nodejs-0.10.26/lib/node_modules,/nix/store/a5ibcbcsm473kdr75kj4gpsr28ndnknp-nodejs-0.10.26/lib/node_modules unbuild npm@1.4.3
40 verbose /nix/store/a5ibcbcsm473kdr75kj4gpsr28ndnknp-nodejs-0.10.26/bin,[object Object] binRoot
41 info /nix/store/a5ibcbcsm473kdr75kj4gpsr28ndnknp-nodejs-0.10.26/lib/node_modules/npm unbuild
42 info preuninstall npm@1.4.3
43 info uninstall npm@1.4.3
44 verbose true,/nix/store/a5ibcbcsm473kdr75kj4gpsr28ndnknp-nodejs-0.10.26/lib/node_modules,/nix/store/a5ibcbcsm473kdr75kj4gpsr28ndnknp-nodejs-0.10.26/lib/node_modules unbuild npm@1.4.3
45 verbose /nix/store/a5ibcbcsm473kdr75kj4gpsr28ndnknp-nodejs-0.10.26/bin,[object Object] binRoot
46 error error rolling back Error: EROFS, unlink '/nix/store/a5ibcbcsm473kdr75kj4gpsr28ndnknp-nodejs-0.10.26/share/man/man1/npm-README.1'
46 error error rolling back  npm@3.7.1 { [Error: EROFS, unlink '/nix/store/a5ibcbcsm473kdr75kj4gpsr28ndnknp-nodejs-0.10.26/share/man/man1/npm-README.1']
46 error error rolling back   errno: 56,
46 error error rolling back   code: 'EROFS',
46 error error rolling back   path: '/nix/store/a5ibcbcsm473kdr75kj4gpsr28ndnknp-nodejs-0.10.26/share/man/man1/npm-README.1' }
47 error Error: EROFS, unlink '/nix/store/a5ibcbcsm473kdr75kj4gpsr28ndnknp-nodejs-0.10.26/share/man/man1/npm-README.1'
48 error If you need help, you may report this *entire* log,
48 error including the npm and node versions, at:
48 error     <http://github.com/npm/npm/issues>
49 error System Linux 4.2.0-c9
50 error command "/nix/store/a5ibcbcsm473kdr75kj4gpsr28ndnknp-nodejs-0.10.26/bin/node" "/mnt/shared/sbin/npm" "install" "npm" "-g"
51 error cwd /home/ubuntu/workspace
52 error node -v v0.10.28
53 error npm -v 1.4.3
54 error path /nix/store/a5ibcbcsm473kdr75kj4gpsr28ndnknp-nodejs-0.10.26/share/man/man1/npm-README.1
55 error code EROFS
56 error errno 56
57 verbose exit [ 56, true ]
